<?xml version="1.0" encoding="UTF-8"?>
<!-- Generated by org.testng.reporters.JUnitReportReporter -->
<testsuite hostname="Mindaug4s-PC" name="exam.preparation.ExamPreparationProject.PreparationTest" tests="1" failures="0" timestamp="26 Jun 2017 20:43:24 GMT" time="6.894" errors="0">
  <testcase name="testIfAccountCanBeCreated" time="6.894" classname="exam.preparation.ExamPreparationProject.PreparationTest"/>
</testsuite> <!-- exam.preparation.ExamPreparationProject.PreparationTest -->
